[debug] [2025-07-07T18:09:07.053Z] ----------------------------------------------------------------------
[debug] [2025-07-07T18:09:07.058Z] Command:       C:\Program Files\nodejs\node.exe C:\Users\Priya\AppData\Roaming\npm\node_modules\firebase-tools\lib\bin\firebase.js deploy
[debug] [2025-07-07T18:09:07.059Z] CLI Version:   14.9.0
[debug] [2025-07-07T18:09:07.059Z] Platform:      win32
[debug] [2025-07-07T18:09:07.059Z] Node Version:  v22.14.0
[debug] [2025-07-07T18:09:07.060Z] Time:          Mon Jul 07 2025 23:39:07 GMT+0530 (India Standard Time)
[debug] [2025-07-07T18:09:07.060Z] ----------------------------------------------------------------------
[debug] 
[debug] [2025-07-07T18:09:07.367Z] > command requires scopes: ["email","openid","https://www.googleapis.com/auth/cloudplatformprojects.readonly","https://www.googleapis.com/auth/firebase","https://www.googleapis.com/auth/cloud-platform"]
[debug] [2025-07-07T18:09:07.368Z] > authorizing via signed-in user (tamilmanisivaprakasam5@gmail.com)
[debug] [2025-07-07T18:09:07.368Z] [iam] checking project siva-05 for permissions ["firebase.projects.get","firebasehosting.sites.update"]
[debug] [2025-07-07T18:09:07.371Z] Checked if tokens are valid: true, expires at: 1751914678601
[debug] [2025-07-07T18:09:07.371Z] Checked if tokens are valid: true, expires at: 1751914678601
[debug] [2025-07-07T18:09:07.372Z] >>> [apiv2][query] POST https://cloudresourcemanager.googleapis.com/v1/projects/siva-05:testIamPermissions [none]
[debug] [2025-07-07T18:09:07.372Z] >>> [apiv2][(partial)header] POST https://cloudresourcemanager.googleapis.com/v1/projects/siva-05:testIamPermissions x-goog-quota-user=projects/siva-05
[debug] [2025-07-07T18:09:07.372Z] >>> [apiv2][body] POST https://cloudresourcemanager.googleapis.com/v1/projects/siva-05:testIamPermissions {"permissions":["firebase.projects.get","firebasehosting.sites.update"]}
[debug] [2025-07-07T18:09:08.992Z] <<< [apiv2][status] POST https://cloudresourcemanager.googleapis.com/v1/projects/siva-05:testIamPermissions 200
[debug] [2025-07-07T18:09:08.993Z] <<< [apiv2][body] POST https://cloudresourcemanager.googleapis.com/v1/projects/siva-05:testIamPermissions {"permissions":["firebase.projects.get","firebasehosting.sites.update"]}
[debug] [2025-07-07T18:09:08.993Z] Checked if tokens are valid: true, expires at: 1751914678601
[debug] [2025-07-07T18:09:08.993Z] Checked if tokens are valid: true, expires at: 1751914678601
[debug] [2025-07-07T18:09:08.993Z] >>> [apiv2][query] GET https://firebase.googleapis.com/v1beta1/projects/siva-05 [none]
[debug] [2025-07-07T18:09:09.531Z] <<< [apiv2][status] GET https://firebase.googleapis.com/v1beta1/projects/siva-05 200
[debug] [2025-07-07T18:09:09.531Z] <<< [apiv2][body] GET https://firebase.googleapis.com/v1beta1/projects/siva-05 {"projectId":"siva-05","projectNumber":"1015442785472","displayName":"siva","name":"projects/siva-05","resources":{"hostingSite":"siva-05"},"state":"ACTIVE","etag":"1_4562917d-ca48-4710-975a-efa573e3b8e0"}
[info] 
[info] === Deploying to 'siva-05'...
[info] 
[info] i  deploying hosting 
[debug] [2025-07-07T18:09:09.540Z] Checked if tokens are valid: true, expires at: 1751914678601
[debug] [2025-07-07T18:09:09.540Z] Checked if tokens are valid: true, expires at: 1751914678601
[debug] [2025-07-07T18:09:09.540Z] >>> [apiv2][query] POST https://firebasehosting.googleapis.com/v1beta1/projects/-/sites/siva-05/versions [none]
[debug] [2025-07-07T18:09:09.540Z] >>> [apiv2][body] POST https://firebasehosting.googleapis.com/v1beta1/projects/-/sites/siva-05/versions {"status":"CREATED","labels":{"deployment-tool":"cli-firebase"}}
[debug] [2025-07-07T18:09:11.211Z] <<< [apiv2][status] POST https://firebasehosting.googleapis.com/v1beta1/projects/-/sites/siva-05/versions 200
[debug] [2025-07-07T18:09:11.212Z] <<< [apiv2][body] POST https://firebasehosting.googleapis.com/v1beta1/projects/-/sites/siva-05/versions {"name":"projects/1015442785472/sites/siva-05/versions/973f242a4d4899a8","status":"CREATED","config":{},"labels":{"deployment-tool":"cli-firebase"}}
[info] i  hosting[siva-05]: beginning deploy... 
[info] i  hosting[siva-05]: found 6 files in build 
[debug] [2025-07-07T18:09:11.239Z] [hosting] uploading with 200 concurrency
[debug] [2025-07-07T18:09:11.280Z] Checked if tokens are valid: true, expires at: 1751914678601
[debug] [2025-07-07T18:09:11.280Z] Checked if tokens are valid: true, expires at: 1751914678601
[debug] [2025-07-07T18:09:11.285Z] [hosting] hash cache [YnVpbGQ] stored for 6 files
[debug] [2025-07-07T18:09:11.286Z] [hosting][hash queue][FINAL] {"max":31,"min":4,"avg":10.166666666666666,"active":0,"complete":6,"success":6,"errored":0,"retried":0,"total":6,"elapsed":42}
[debug] [2025-07-07T18:09:11.287Z] >>> [apiv2][query] POST https://firebasehosting.googleapis.com/v1beta1/projects/1015442785472/sites/siva-05/versions/973f242a4d4899a8:populateFiles [none]
[debug] [2025-07-07T18:09:11.288Z] >>> [apiv2][body] POST https://firebasehosting.googleapis.com/v1beta1/projects/1015442785472/sites/siva-05/versions/973f242a4d4899a8:populateFiles {"files":{"/Sivaprakasam_T.pdf":"bc5d78a0da719b758317f37f55ddae10439ea49a83a0a0c302ac769de4bce608","/particles.json":"f42a1e5c0349c7372171081ae0db0d8d4f4b5421540b813f2af2467d264936e5","/index.html":"1a846f269beab3facf08b4636626ce5678af3641211a593ecd2eb4f9cd60eda7","/assets/batman-logo-BS_8Zzah.png":"2c20a7b4056177d97447ab60226fd489411cc08d7cc3bc21dd3a3a801c66ec11","/assets/index-B6FEz7Sd.css":"f39aba95318422f56b6442cbf6a5c017210c5b00148fbba19a814e7074f99c4e","/assets/index-CxYL8nyC.js":"69551bc70f0359d67e98b66e8e5879a01723ec73604e102b17f16d29435b135d"}}
[debug] [2025-07-07T18:09:11.756Z] <<< [apiv2][status] POST https://firebasehosting.googleapis.com/v1beta1/projects/1015442785472/sites/siva-05/versions/973f242a4d4899a8:populateFiles 200
[debug] [2025-07-07T18:09:11.756Z] <<< [apiv2][body] POST https://firebasehosting.googleapis.com/v1beta1/projects/1015442785472/sites/siva-05/versions/973f242a4d4899a8:populateFiles {"uploadUrl":"https://upload-firebasehosting.googleapis.com/upload/sites/siva-05/versions/973f242a4d4899a8/files"}
[debug] [2025-07-07T18:09:11.756Z] [hosting][populate queue][FINAL] {"max":477,"min":477,"avg":477,"active":0,"complete":1,"success":1,"errored":0,"retried":0,"total":1,"elapsed":477}
[debug] [2025-07-07T18:09:11.756Z] [hosting] uploads queued: 0
[debug] [2025-07-07T18:09:11.756Z] [hosting][upload queue][FINAL] {"max":0,"min":9999999999,"avg":0,"active":0,"complete":0,"success":0,"errored":0,"retried":0,"total":0,"elapsed":1751911751756}
[info] +  hosting[siva-05]: file upload complete 
[debug] [2025-07-07T18:09:11.757Z] [hosting] deploy completed after 540ms
[debug] [2025-07-07T18:09:11.758Z] [
  {
    "config": {
      "public": "build",
      "ignore": [
        "firebase.json",
        "**/.*",
        "**/node_modules/**"
      ],
      "rewrites": [
        {
          "source": "**",
          "destination": "/index.html"
        }
      ],
      "site": "siva-05"
    },
    "version": "projects/1015442785472/sites/siva-05/versions/973f242a4d4899a8"
  }
]
[info] i  hosting[siva-05]: finalizing version... 
[debug] [2025-07-07T18:09:11.760Z] Checked if tokens are valid: true, expires at: 1751914678601
[debug] [2025-07-07T18:09:11.760Z] Checked if tokens are valid: true, expires at: 1751914678601
[debug] [2025-07-07T18:09:11.760Z] >>> [apiv2][query] PATCH https://firebasehosting.googleapis.com/v1beta1/projects/-/sites/siva-05/versions/973f242a4d4899a8 updateMask=status%2Cconfig
[debug] [2025-07-07T18:09:11.760Z] >>> [apiv2][body] PATCH https://firebasehosting.googleapis.com/v1beta1/projects/-/sites/siva-05/versions/973f242a4d4899a8 {"status":"FINALIZED","config":{"rewrites":[{"glob":"**","path":"/index.html"}]}}
[debug] [2025-07-07T18:09:12.420Z] <<< [apiv2][status] PATCH https://firebasehosting.googleapis.com/v1beta1/projects/-/sites/siva-05/versions/973f242a4d4899a8 200
[debug] [2025-07-07T18:09:12.420Z] <<< [apiv2][body] PATCH https://firebasehosting.googleapis.com/v1beta1/projects/-/sites/siva-05/versions/973f242a4d4899a8 {"name":"projects/1015442785472/sites/siva-05/versions/973f242a4d4899a8","status":"FINALIZED","config":{"rewrites":[{"glob":"**","path":"/index.html"}]},"labels":{"deployment-tool":"cli-firebase"},"createTime":"2025-07-07T18:09:15.139604Z","createUser":{"email":"tamilmanisivaprakasam5@gmail.com"},"finalizeTime":"2025-07-07T18:09:16.688060Z","finalizeUser":{"email":"tamilmanisivaprakasam5@gmail.com"}}
[debug] [2025-07-07T18:09:12.420Z] [hosting] finalized version for siva-05:[object Object]
[info] +  hosting[siva-05]: version finalized 
[info] i  hosting[siva-05]: releasing new version... 
[debug] [2025-07-07T18:09:12.421Z] Checked if tokens are valid: true, expires at: 1751914678601
[debug] [2025-07-07T18:09:12.421Z] Checked if tokens are valid: true, expires at: 1751914678601
[debug] [2025-07-07T18:09:12.421Z] >>> [apiv2][query] POST https://firebasehosting.googleapis.com/v1beta1/projects/-/sites/siva-05/channels/live/releases versionName=projects%2F1015442785472%2Fsites%2Fsiva-05%2Fversions%2F973f242a4d4899a8
[debug] [2025-07-07T18:09:12.421Z] >>> [apiv2][body] POST https://firebasehosting.googleapis.com/v1beta1/projects/-/sites/siva-05/channels/live/releases {}
